<testsuite name="Mocha Tests" tests="6" failures="0" errors="0" skipped="0" timestamp="Sun, 26 Mar 2017 09:18:49 GMT" time="0.313">
<testcase classname="Given the food helper when rendering the component" name="should render &quot;Hello world&quot;" time="0.018"/>
<testcase classname="Given the food helper when we pass our own props" name="should render &quot;Hey dude&quot;" time="0.002"/>
<testcase classname="Given the food helper when we feed the component after the first render" name="should render &quot;Dear component&quot;" time="0.005"/>
<testcase classname="Given the food helper when we feed before to have the component rendered" name="should render &quot;Dear programmer&quot;" time="0.001"/>
<testcase classname="Given the waitFor helper when initial rendering" name="should render nothing" time="0.005"/>
<testcase classname="Given the waitFor helper when calling the &quot;done&quot; callback" name="should render &quot;Hey dude&quot;" time="0.003"/>
</testsuite>
