<testsuite name="Mocha Tests" tests="15" failures="0" errors="0" skipped="0" timestamp="Mon, 01 May 2017 14:28:22 GMT" time="0.472">
<testcase classname="Given the wire and register helpers when we register dependency and wire a component to it" name="should receive valid props when invalidate" time="0.025"/>
<testcase classname="Given the wire and register helpers when we use two storages" name="should keep the data in separate storages" time="0.01"/>
<testcase classname="Given the food helper when rendering the component" name="should render &quot;Hello world&quot;" time="0.002"/>
<testcase classname="Given the food helper when we pass our own props" name="should render &quot;Hey dude&quot;" time="0.001"/>
<testcase classname="Given the food helper when we feed the component after the first render" name="should render &quot;Dear component&quot;" time="0.002"/>
<testcase classname="Given the food helper when we feed before to have the component rendered" name="should render &quot;Dear programmer&quot;" time="0.001"/>
<testcase classname="Given the food helper when we need to control two difference instance" name="should feed them separately" time="0.004"/>
<testcase classname="Given the signal helper when dispatching a signal" name="should receive the data of the signal as a prop" time="0.008"/>
<testcase classname="Given the signal helper when dispatching a signal and when we subscribe by giving second argument of `signal` method" name="should subscribe to the signals" time="0.003"/>
<testcase classname="Given the signal helper when we have two components and one of them dispatches a signal" name="should receive correct props" time="0.004"/>
<testcase classname="Given the signal helper when we unsubscribe for particular signal" name="should not rerender" time="0.003"/>
<testcase classname="Given the signal helper when we unsubscribe for all signals" name="should not rerender" time="0.003"/>
<testcase classname="Given the signal helper when we dispatch multiple signals" name="should provide the log hisotry" time="0.01"/>
<testcase classname="Given the signal helper when subscribing without signalID" name="should still properly subscribe with a uid" time="0.002"/>
<testcase classname="Given the signal helper when subscribing using an object" name="should properly react on dispatches" time="0.001"/>
</testsuite>
